#
# There is insufficient memory for the Java Runtime Environment to continue.
# Native memory allocation (mmap) failed to map 100663296 bytes for G1 virtual space
# Possible reasons:
#   The system is out of physical RAM or swap space
#   The process is running with CompressedOops enabled, and the Java Heap may be blocking the growth of the native heap
# Possible solutions:
#   Reduce memory load on the system
#   Increase physical memory or swap space
#   Check if swap backing store is full
#   Decrease Java heap size (-Xmx/-Xms)
#   Decrease number of Java threads
#   Decrease Java thread stack sizes (-Xss)
#   Set larger code cache with -XX:ReservedCodeCacheSize=
#   JVM is running with Unscaled Compressed Oops mode in which the Java heap is
#     placed in the first 4GB address space. The Java Heap base address is the
#     maximum limit for the native heap growth. Please use -XX:HeapBaseMinAddress
#     to set the Java Heap base and to place the Java Heap above 4GB virtual address.
# This output file may be truncated or incomplete.
#
#  Out of Memory Error (os_windows.cpp:3536), pid=11376, tid=29496
#
# JRE version:  (19.0.2+7) (build )
# Java VM: Java HotSpot(TM) 64-Bit Server VM (19.0.2+7-44, mixed mode, sharing, tiered, compressed oops, compressed class ptrs, g1 gc, windows-amd64)
# No core dump will be written. Minidumps are not enabled by default on client versions of Windows
#

---------------  S U M M A R Y ------------

Command Line: -Dfile.encoding=UTF-8 --module-path=C:\Users\A.VENKATESH\OneDrive\Documents\NetBeansProjects\Hotel Management System\build\classes hotel.management.system.HotelManagementSystem

Host: AMD Ryzen 5 3450U with Radeon Vega Mobile Gfx  , 8 cores, 5G,  Windows 11 , 64 bit Build 22621 (10.0.22621.2506)
Time: Mon Dec 25 22:24:03 2023 India Standard Time elapsed time: 0.035993 seconds (0d 0h 0m 0s)

---------------  T H R E A D  ---------------

Current thread (0x0000017d19d47bf0):  JavaThread "Unknown thread" [_thread_in_vm, id=29496, stack(0x000000773f000000,0x000000773f100000)]

Stack: [0x000000773f000000,0x000000773f100000]
Native frames: (J=compiled Java code, j=interpreted, Vv=VM code, C=native code)
V  [jvm.dll+0x6ee21a]
V  [jvm.dll+0x85765e]
V  [jvm.dll+0x85904e]
V  [jvm.dll+0x859703]
V  [jvm.dll+0x28298f]
V  [jvm.dll+0x6eb009]
V  [jvm.dll+0x6dfbaa]
V  [jvm.dll+0x3573f6]
V  [jvm.dll+0x35ee56]
V  [jvm.dll+0x3b541e]
V  [jvm.dll+0x3b564f]
V  [jvm.dll+0x32c9ea]
V  [jvm.dll+0x32d89e]
V  [jvm.dll+0x821780]
V  [jvm.dll+0x3c2661]
V  [jvm.dll+0x801f51]
V  [jvm.dll+0x44ae8f]
V  [jvm.dll+0x44c811]
C  [jli.dll+0x5287]
C  [ucrtbase.dll+0x29363]
C  [KERNEL32.DLL+0x1257d]
C  [ntdll.dll+0x5aa58]


---------------  P R O C E S S  ---------------

Threads class SMR info:
_java_thread_list=0x00007fff80c2d048, length=0, elements={
}

Java Threads: ( => current thread )

Other Threads:
  0x0000017d19d9a5b0 WorkerThread "GC Thread#0" [stack: 0x000000773f100000,0x000000773f200000] [id=21188]
  0x0000017d19da8ae0 ConcurrentGCThread "G1 Main Marker" [stack: 0x000000773f200000,0x000000773f300000] [id=29176]
  0x0000017d19da9510 WorkerThread "G1 Conc#0" [stack: 0x000000773f300000,0x000000773f400000] [id=24272]

[error occurred during error reporting (printing all threads), id 0xc0000005, EXCEPTION_ACCESS_VIOLATION (0xc0000005) at pc=0x00007fff803ed427]

VM state: not at safepoint (not fully initialized)

VM Mutex/Monitor currently owned by a thread:  ([mutex/lock_event])
[0x0000017d19d436f0] Heap_lock - owner thread: 0x0000017d19d47bf0

Heap address: 0x00000000a1c00000, size: 1508 MB, Compressed Oops mode: 32-bit

CDS archive(s) mapped at: [0x0000000000000000-0x0000000000000000-0x0000000000000000), size 0, SharedBaseAddress: 0x0000000800000000, ArchiveRelocationMode: 0.
Narrow klass base: 0x0000000000000000, Narrow klass shift: 0, Narrow klass range: 0x0

GC Precious Log:
 CardTable entry size: 512
 Card Set container configuration: InlinePtr #cards 5 size 8 Array Of Cards #cards 12 size 40 Howl #buckets 4 coarsen threshold 1843 Howl Bitmap #cards 512 size 80 coarsen threshold 460 Card regions per heap region 1 cards per card region 2048

Heap:
 garbage-first heap   total 0K, used 0K [0x00000000a1c00000, 0x0000000100000000)
  region size 1024K, 0 young (0K), 0 survivors (0K)

[error occurred during error reporting (printing heap information), id 0xc0000005, EXCEPTION_ACCESS_VIOLATION (0xc0000005) at pc=0x00007fff807f6649]

GC Heap History (0 events):
No events

Dll operation events (1 events):
Event: 0.020 Loaded shared library C:\Program Files\Java\jdk-19\bin\java.dll

Deoptimization events (0 events):
No events

Classes loaded (0 events):
No events

Classes unloaded (0 events):
No events

Classes redefined (0 events):
No events

Internal exceptions (0 events):
No events

VM Operations (0 events):
No events

Events (0 events):
No events


Dynamic libraries:
0x00007ff6745a0000 - 0x00007ff6745b0000 	C:\Program Files\Java\jdk-19\bin\java.exe
0x00007fffcde10000 - 0x00007fffce027000 	C:\WINDOWS\SYSTEM32\ntdll.dll
0x00007fffcd880000 - 0x00007fffcd944000 	C:\WINDOWS\System32\KERNEL32.DLL
0x00007fffcb1b0000 - 0x00007fffcb556000 	C:\WINDOWS\System32\KERNELBASE.dll
0x00007fffcb920000 - 0x00007fffcba31000 	C:\WINDOWS\System32\ucrtbase.dll
0x00007fffc3f20000 - 0x00007fffc3f38000 	C:\Program Files\Java\jdk-19\bin\jli.dll
0x00007fff9a9a0000 - 0x00007fff9a9bb000 	C:\Program Files\Java\jdk-19\bin\VCRUNTIME140.dll
0x00007fffcc100000 - 0x00007fffcc1b1000 	C:\WINDOWS\System32\ADVAPI32.dll
0x00007fffcbb80000 - 0x00007fffcbc27000 	C:\WINDOWS\System32\msvcrt.dll
0x00007fffccde0000 - 0x00007fffcce85000 	C:\WINDOWS\System32\sechost.dll
0x00007fffcbe20000 - 0x00007fffcbf37000 	C:\WINDOWS\System32\RPCRT4.dll
0x00007fffcbf40000 - 0x00007fffcc0ee000 	C:\WINDOWS\System32\USER32.dll
0x00007fffa98f0000 - 0x00007fffa9b83000 	C:\WINDOWS\WinSxS\amd64_microsoft.windows.common-controls_6595b64144ccf1df_6.0.22621.2506_none_270c5ae97388e100\COMCTL32.dll
0x00007fffcb180000 - 0x00007fffcb1a6000 	C:\WINDOWS\System32\win32u.dll
0x00007fffcd850000 - 0x00007fffcd879000 	C:\WINDOWS\System32\GDI32.dll
0x00007fffcb800000 - 0x00007fffcb918000 	C:\WINDOWS\System32\gdi32full.dll
0x00007fffcbac0000 - 0x00007fffcbb5a000 	C:\WINDOWS\System32\msvcp_win.dll
0x00007fffc06a0000 - 0x00007fffc06aa000 	C:\WINDOWS\SYSTEM32\VERSION.dll
0x00007fffcbde0000 - 0x00007fffcbe11000 	C:\WINDOWS\System32\IMM32.DLL
0x00007fff9a990000 - 0x00007fff9a99c000 	C:\Program Files\Java\jdk-19\bin\vcruntime140_1.dll
0x00007fff8b160000 - 0x00007fff8b1ee000 	C:\Program Files\Java\jdk-19\bin\msvcp140.dll
0x00007fff800b0000 - 0x00007fff80d70000 	C:\Program Files\Java\jdk-19\bin\server\jvm.dll
0x00007fffc4460000 - 0x00007fffc4494000 	C:\WINDOWS\SYSTEM32\WINMM.dll
0x00007fff9a9c0000 - 0x00007fff9a9c9000 	C:\WINDOWS\SYSTEM32\WSOCK32.dll
0x00007fffccea0000 - 0x00007fffccf11000 	C:\WINDOWS\System32\WS2_32.dll
0x00007fffca150000 - 0x00007fffca168000 	C:\WINDOWS\SYSTEM32\kernel.appcore.dll
0x00007fff9a980000 - 0x00007fff9a98a000 	C:\Program Files\Java\jdk-19\bin\jimage.dll
0x00007fffc1e70000 - 0x00007fffc20a3000 	C:\WINDOWS\SYSTEM32\DBGHELP.DLL
0x00007fffcda30000 - 0x00007fffcddb9000 	C:\WINDOWS\System32\combase.dll
0x00007fffcd950000 - 0x00007fffcda27000 	C:\WINDOWS\System32\OLEAUT32.dll
0x00007fffc05d0000 - 0x00007fffc0602000 	C:\WINDOWS\SYSTEM32\dbgcore.DLL
0x00007fffcba40000 - 0x00007fffcbaba000 	C:\WINDOWS\System32\bcryptPrimitives.dll
0x00007fff99710000 - 0x00007fff99736000 	C:\Program Files\Java\jdk-19\bin\java.dll

dbghelp: loaded successfully - version: 4.0.5 - missing functions: none
symbol engine: initialized successfully - sym options: 0x614 - pdb path: .;C:\Program Files\Java\jdk-19\bin;C:\WINDOWS\SYSTEM32;C:\WINDOWS\WinSxS\amd64_microsoft.windows.common-controls_6595b64144ccf1df_6.0.22621.2506_none_270c5ae97388e100;C:\Program Files\Java\jdk-19\bin\server

VM Arguments:
jvm_args: -Dfile.encoding=UTF-8 --module-path=C:\Users\A.VENKATESH\OneDrive\Documents\NetBeansProjects\Hotel Management System\build\classes 
java_command: hotel.management.system.HotelManagementSystem
java_class_path (initial): C:\Users\A.VENKATESH\Downloads\mysql-connector-java-8.0.28 (1).jar;C:\Users\A.VENKATESH\OneDrive\Documents\NetBeansProjects\Hotel Management System\build\classes
Launcher Type: SUN_STANDARD

[Global flags]
     intx CICompilerCount                          = 4                                         {product} {ergonomic}
     uint ConcGCThreads                            = 2                                         {product} {ergonomic}
     uint G1ConcRefinementThreads                  = 8                                         {product} {ergonomic}
   size_t G1HeapRegionSize                         = 1048576                                   {product} {ergonomic}
    uintx GCDrainStackTargetSize                   = 64                                        {product} {ergonomic}
   size_t InitialHeapSize                          = 100663296                                 {product} {ergonomic}
   size_t MarkStackSize                            = 4194304                                   {product} {ergonomic}
   size_t MaxHeapSize                              = 1581252608                                {product} {ergonomic}
   size_t MinHeapDeltaBytes                        = 1048576                                   {product} {ergonomic}
   size_t MinHeapSize                              = 8388608                                   {product} {ergonomic}
    uintx NonNMethodCodeHeapSize                   = 5839372                                {pd product} {ergonomic}
    uintx NonProfiledCodeHeapSize                  = 122909434                              {pd product} {ergonomic}
    uintx ProfiledCodeHeapSize                     = 122909434                              {pd product} {ergonomic}
    uintx ReservedCodeCacheSize                    = 251658240                              {pd product} {ergonomic}
     bool SegmentedCodeCache                       = true                                      {product} {ergonomic}
   size_t SoftMaxHeapSize                          = 1581252608                             {manageable} {ergonomic}
     bool UseCompressedClassPointers               = true                           {product lp64_product} {ergonomic}
     bool UseCompressedOops                        = true                           {product lp64_product} {ergonomic}
     bool UseG1GC                                  = true                                      {product} {ergonomic}
     bool UseLargePagesIndividualAllocation        = false                                  {pd product} {ergonomic}

Logging:
Log output configuration:
 #0: stdout all=warning uptime,level,tags foldmultilines=false
 #1: stderr all=off uptime,level,tags foldmultilines=false

Environment Variables:
PATH=C:\Python312\Scripts\;C:\Python312\;C:\Program Files\Common Files\Oracle\Java\javapath;C:\Program Files\Python310\Scripts\;C:\Program Files\Python310\;C:\WINDOWS\system32;C:\WINDOWS;C:\WINDOWS\System32\Wbem;C:\WINDOWS\System32\WindowsPowerShell\v1.0\;C:\WINDOWS\System32\OpenSSH\;C:\Program Files\dotnet\;C:\Program Files\MySQL\MySQL Server 8.0\bin;C:\Program Files\Microsoft SQL Server\Client SDK\ODBC\170\Tools\Binn\;C:\Program Files (x86)\Microsoft SQL Server\150\Tools\Binn\;C:\Program Files\Microsoft SQL Server\150\Tools\Binn\;C:\Program Files\Microsoft SQL Server\150\DTS\Binn\;C:\Program Files (x86)\Microsoft SQL Server\150\DTS\Binn\;C:\Program Files\Azure Data Studio\bin;C:\Users\A.VENKATESH\anaconda3\Scripts;C:\Users\A.VENKATESH\anaconda3\Library\bin;C:\ProgramData\chocolatey\bin;C:\Program Files\nodejs\;C:\Program Files\MySQL\MySQL Shell 8.0\bin\;C:\Users\A.VENKATESH\anaconda3;C:\Users\A.VENKATESH\anaconda3\Library\mingw-w64\bin;C:\Users\A.VENKATESH\anaconda3\Library\usr\bin;C:\Users\A.VENKATESH\anaconda3\Library\bin;C:\Users\A.VENKATESH\anaconda3\Scripts;D:\ anaconda;D:\ anaconda\Library\mingw-w64\bin;D:\ anaconda\Library\usr\bin;D:\ anaconda\Library\bin;D:\ anaconda\Scripts;C:\Users\A.VENKATESH\AppData\Local\Microsoft\WindowsApps;C:\Program Files\Azure Data Studio\bin;C:\Program Files\JetBrains\PyCharm 2022.2.3\bin;;C:\Users\A.VENKATESH\AppData\Local\Programs\Microsoft VS Code\bin;C:\Users\A.VENKATESH\AppData\Roaming\npm
USERNAME=A.VENKATESH
OS=Windows_NT
PROCESSOR_IDENTIFIER=AMD64 Family 23 Model 24 Stepping 1, AuthenticAMD
TMP=C:\Users\AC179~1.VEN\AppData\Local\Temp
TEMP=C:\Users\AC179~1.VEN\AppData\Local\Temp



---------------  S Y S T E M  ---------------

OS:
 Windows 11 , 64 bit Build 22621 (10.0.22621.2506)
OS uptime: 6 days 1:10 hours
Hyper-V role detected

CPU: total 8 (initial active 8) (8 cores per cpu, 2 threads per core) family 23 model 24 stepping 1 microcode 0x0, cx8, cmov, fxsr, ht, mmx, 3dnowpref, sse, sse2, sse3, ssse3, sse4a, sse4.1, sse4.2, popcnt, lzcnt, tsc, tscinvbit, avx, avx2, aes, clmul, bmi1, bmi2, adx, sha, fma, vzeroupper, clflush, clflushopt, hv, rdtscp

Memory: 4k page, system-wide physical 6030M (226M free)
TotalPageFile size 24462M (AvailPageFile size 35M)
current process WorkingSet (physical memory assigned to process): 11M, peak: 11M
current process commit charge ("private bytes"): 60M, peak: 156M

vm_info: Java HotSpot(TM) 64-Bit Server VM (19.0.2+7-44) for windows-amd64 JRE (19.0.2+7-44), built on 2022-11-30T18:02:09Z by "mach5one" with MS VC++ 17.1 (VS2022)

END.
